<?xml version="1.0" encoding="UTF-8"?>
<testsuites name="TS_KM" time="153.728" tests="7" failures="0" errors="0">
   <testsuite name="TS_KM" tests="7" failures="0" errors="0" time="153.728" skipped="0" timestamp="2021-10-08 09:46:22" hostname="LYJ - LAPTOP-O2P86ERK" id="Test Suites/KM/TS_KM">
      <properties>
         <property name="deviceName" value=""/>
         <property name="devicePlatform" value=""/>
         <property name="logFolder" value="C:\\Users\\LYJ\\git\\katalon\\Reports\\20211008_094608\\KM\\TS_KM\\20211008_094608"/>
         <property name="logFiles" value="C:\\Users\\LYJ\\git\\katalon\\Reports\\20211008_094608\\KM\\TS_KM\\20211008_094608\\execution0.log"/>
         <property name="attachments" value=""/>
         <property name="hostName" value="LYJ - LAPTOP-O2P86ERK"/>
         <property name="os" value="Windows 10 64bit"/>
         <property name="katalonVersion" value="8.1.0.208"/>
         <property name="browser" value="Chrome 94.0.4606.71"/>
         <property name="hostAddress" value="192.168.56.1"/>
         <property name="sessionId" value="3922bd68e6b8409bf0d9921f2e49acac"/>
         <property name="seleniumVersion" value="3.141.59"/>
         <property name="proxyInformation" value="ProxyInformation { proxyOption=NO_PROXY, proxyServerType=HTTP, username=, password=********, proxyServerAddress=, proxyServerPort=0, executionList=&quot;&quot;, isApplyToDesiredCapabilities=true }"/>
         <property name="platform" value="Windows 10"/>
      </properties>
      <testcase name="Test Cases/KM/TC_KM_WEB_01_US_PRD" time="57.731" classname="Test Cases/KM/TC_KM_WEB_01_US_PRD" status="PASSED">
         <system-out><![CDATA[2021-10-08 09:46:23 - [TEST_CASE][PASSED] - Test Cases/KM/TC_KM_WEB_01_US_PRD: Test Cases/KM/TC_KM_WEB_01_US_PRD

2021-10-08 09:46:24 - [TEST_STEP][PASSED] - openBrowser(""): Browser is opened with url: ''

2021-10-08 09:46:24 - [MESSAGE][INFO] - Starting 'Chrome' driver

2021-10-08 09:46:24 - [MESSAGE][INFO] - Action delay is set to 0 milliseconds

2021-10-08 09:46:28 - [MESSAGE][PASSED] - Browser is opened with url: ''

2021-10-08 09:46:28 - [TEST_STEP][PASSED] - maximizeWindow(STOP_ON_FAILURE): Current window maximized

2021-10-08 09:46:28 - [MESSAGE][PASSED] - Current window maximized

2021-10-08 09:46:28 - [TEST_STEP][PASSED] - navigateToUrl("https://km2.myeyelevel.com/"): Navigate to 'https://km2.myeyelevel.com/' successfully

2021-10-08 09:46:29 - [MESSAGE][PASSED] - Navigate to 'https://km2.myeyelevel.com/' successfully

2021-10-08 09:46:29 - [TEST_STEP][PASSED] - setText(findTestObject("Object Repository/KM/OR_KM_WEB_01_US_PRD/Page_KeyManager ver.2/input_Remember ID_id"), "FC00001854"): Text 'FC00001854' is set on object 'Object Repository/KM/OR_KM_WEB_01_US_PRD/Page_KeyManager ver.2/input_Remember ID_id'

2021-10-08 09:46:32 - [MESSAGE][PASSED] - Text 'FC00001854' is set on object 'Object Repository/KM/OR_KM_WEB_01_US_PRD/Page_KeyManager ver.2/input_Remember ID_id'

2021-10-08 09:46:32 - [TEST_STEP][PASSED] - setEncryptedText(findTestObject("Object Repository/KM/OR_KM_WEB_01_US_PRD/Page_KeyManager ver.2/input_Remember ID_password"), "/TCuZW3inmPEvew6k7Utpg=="): Text ****** has been set on object 'Object Repository/KM/OR_KM_WEB_01_US_PRD/Page_KeyManager ver.2/input_Remember ID_password'

2021-10-08 09:46:32 - [MESSAGE][PASSED] - Text ****** has been set on object 'Object Repository/KM/OR_KM_WEB_01_US_PRD/Page_KeyManager ver.2/input_Remember ID_password'

2021-10-08 09:46:32 - [TEST_STEP][PASSED] - sendKeys(findTestObject("Object Repository/KM/OR_KM_WEB_01_US_PRD/Page_KeyManager ver.2/input_Remember ID_password"), Keys.chord(ENTER)): Keys 'ENTER + ' sent to object: 'Object Repository/KM/OR_KM_WEB_01_US_PRD/Page_KeyManager ver.2/input_Remember ID_password'

2021-10-08 09:46:33 - [MESSAGE][PASSED] - Keys 'ENTER + ' sent to object: 'Object Repository/KM/OR_KM_WEB_01_US_PRD/Page_KeyManager ver.2/input_Remember ID_password'

2021-10-08 09:46:33 - [TEST_STEP][PASSED] - delay(2): Delayed 2 second(s)

2021-10-08 09:46:36 - [MESSAGE][PASSED] - Delayed 2 second(s)

2021-10-08 09:46:36 - [TEST_STEP][PASSED] - click(findTestObject("Object Repository/KM/OR_KM_WEB_01_US_PRD/Page_KeyManager ver.2/a_Student")): Object: 'Object Repository/KM/OR_KM_WEB_01_US_PRD/Page_KeyManager ver.2/a_Student' is clicked on

2021-10-08 09:47:07 - [MESSAGE][INFO] - Unable to find the element located by 'By.xpath: //div[@id='mCSB_4_container']/div/ul/li/a'. Please recheck the objects properties to make sure the desired element is located. 

2021-10-08 09:47:07 - [MESSAGE][WARNING] - [SELF-HEALING] Failed to find element with id 'Object Repository/KM/OR_KM_WEB_01_US_PRD/Page_KeyManager ver.2/a_Student'. Try using Self-healing.

2021-10-08 09:47:07 - [MESSAGE][WARNING] - [SELF-HEALING] The current locator of test object 'Object Repository/KM/OR_KM_WEB_01_US_PRD/Page_KeyManager ver.2/a_Student' was broken. Propose an alternative one: '(.//*[normalize-space(text()) and normalize-space(.)='Lead'])[1]/preceding::a[2]'.

2021-10-08 09:47:10 - [MESSAGE][PASSED] - Object: 'Object Repository/KM/OR_KM_WEB_01_US_PRD/Page_KeyManager ver.2/a_Student' is clicked on

2021-10-08 09:47:10 - [TEST_STEP][PASSED] - delay(2): Delayed 2 second(s)

2021-10-08 09:47:12 - [MESSAGE][PASSED] - Delayed 2 second(s)

2021-10-08 09:47:12 - [TEST_STEP][PASSED] - click(findTestObject("Object Repository/KM/OR_KM_WEB_01_US_PRD/Page_KeyManager ver.2/a_Member")): Object: 'Object Repository/KM/OR_KM_WEB_01_US_PRD/Page_KeyManager ver.2/a_Member' is clicked on

2021-10-08 09:47:15 - [MESSAGE][PASSED] - Object: 'Object Repository/KM/OR_KM_WEB_01_US_PRD/Page_KeyManager ver.2/a_Member' is clicked on

2021-10-08 09:47:15 - [TEST_STEP][PASSED] - delay(2): Delayed 2 second(s)

2021-10-08 09:47:17 - [MESSAGE][PASSED] - Delayed 2 second(s)

2021-10-08 09:47:17 - [TEST_STEP][PASSED] - click(findTestObject("Object Repository/KM/OR_KM_WEB_01_US_PRD/Page_KeyManager ver.2/a_Log out")): Object: 'Object Repository/KM/OR_KM_WEB_01_US_PRD/Page_KeyManager ver.2/a_Log out' is clicked on

2021-10-08 09:47:18 - [MESSAGE][PASSED] - Object: 'Object Repository/KM/OR_KM_WEB_01_US_PRD/Page_KeyManager ver.2/a_Log out' is clicked on

2021-10-08 09:47:18 - [TEST_STEP][PASSED] - delay(2): Delayed 2 second(s)

2021-10-08 09:47:20 - [MESSAGE][PASSED] - Delayed 2 second(s)

2021-10-08 09:47:20 - [TEST_STEP][PASSED] - closeBrowser(STOP_ON_FAILURE): Browser is closed

2021-10-08 09:47:21 - [MESSAGE][PASSED] - Browser is closed]]></system-out>
         <system-err><![CDATA[]]></system-err>
      </testcase>
      <testcase name="Test Cases/KM/TC_KM_WEB_02_US_KEYPAD" time="12.801" classname="Test Cases/KM/TC_KM_WEB_02_US_KEYPAD" status="PASSED">
         <system-out><![CDATA[2021-10-08 09:47:21 - [TEST_CASE][PASSED] - Test Cases/KM/TC_KM_WEB_02_US_KEYPAD: Test Cases/KM/TC_KM_WEB_02_US_KEYPAD

2021-10-08 09:47:21 - [TEST_STEP][PASSED] - openBrowser(""): Browser is opened with url: ''

2021-10-08 09:47:21 - [MESSAGE][INFO] - Starting 'Chrome' driver

2021-10-08 09:47:21 - [MESSAGE][INFO] - Action delay is set to 0 milliseconds

2021-10-08 09:47:23 - [MESSAGE][PASSED] - Browser is opened with url: ''

2021-10-08 09:47:23 - [TEST_STEP][PASSED] - maximizeWindow(): Current window maximized

2021-10-08 09:47:23 - [MESSAGE][PASSED] - Current window maximized

2021-10-08 09:47:23 - [TEST_STEP][PASSED] - navigateToUrl("https://km2-att.myeyelevel.com/"): Navigate to 'https://km2-att.myeyelevel.com/' successfully

2021-10-08 09:47:25 - [MESSAGE][PASSED] - Navigate to 'https://km2-att.myeyelevel.com/' successfully

2021-10-08 09:47:25 - [TEST_STEP][PASSED] - setText(findTestObject("Object Repository/KM/OR_KM_WEB_02_US_KEYPAD/Page_KeyManager ver.2/input_Remember ID_id"), "FC00001854"): Text 'FC00001854' is set on object 'Object Repository/KM/OR_KM_WEB_02_US_KEYPAD/Page_KeyManager ver.2/input_Remember ID_id'

2021-10-08 09:47:26 - [MESSAGE][PASSED] - Text 'FC00001854' is set on object 'Object Repository/KM/OR_KM_WEB_02_US_KEYPAD/Page_KeyManager ver.2/input_Remember ID_id'

2021-10-08 09:47:26 - [TEST_STEP][PASSED] - setEncryptedText(findTestObject("Object Repository/KM/OR_KM_WEB_02_US_KEYPAD/Page_KeyManager ver.2/input_Remember ID_password"), "/TCuZW3inmPEvew6k7Utpg=="): Text ****** has been set on object 'Object Repository/KM/OR_KM_WEB_02_US_KEYPAD/Page_KeyManager ver.2/input_Remember ID_password'

2021-10-08 09:47:26 - [MESSAGE][PASSED] - Text ****** has been set on object 'Object Repository/KM/OR_KM_WEB_02_US_KEYPAD/Page_KeyManager ver.2/input_Remember ID_password'

2021-10-08 09:47:26 - [TEST_STEP][PASSED] - sendKeys(findTestObject("Object Repository/KM/OR_KM_WEB_02_US_KEYPAD/Page_KeyManager ver.2/input_Remember ID_password"), Keys.chord(ENTER)): Keys 'ENTER + ' sent to object: 'Object Repository/KM/OR_KM_WEB_02_US_KEYPAD/Page_KeyManager ver.2/input_Remember ID_password'

2021-10-08 09:47:28 - [MESSAGE][PASSED] - Keys 'ENTER + ' sent to object: 'Object Repository/KM/OR_KM_WEB_02_US_KEYPAD/Page_KeyManager ver.2/input_Remember ID_password'

2021-10-08 09:47:28 - [TEST_STEP][PASSED] - delay(2): Delayed 2 second(s)

2021-10-08 09:47:30 - [MESSAGE][PASSED] - Delayed 2 second(s)

2021-10-08 09:47:30 - [TEST_STEP][PASSED] - navigateToUrl("https://km2-att.myeyelevel.com/actionLogout.do"): Navigate to 'https://km2-att.myeyelevel.com/actionLogout.do' successfully

2021-10-08 09:47:31 - [MESSAGE][PASSED] - Navigate to 'https://km2-att.myeyelevel.com/actionLogout.do' successfully

2021-10-08 09:47:31 - [TEST_STEP][PASSED] - delay(2): Delayed 2 second(s)

2021-10-08 09:47:33 - [MESSAGE][PASSED] - Delayed 2 second(s)

2021-10-08 09:47:33 - [TEST_STEP][PASSED] - closeBrowser(STOP_ON_FAILURE): Browser is closed

2021-10-08 09:47:33 - [MESSAGE][PASSED] - Browser is closed]]></system-out>
         <system-err><![CDATA[]]></system-err>
      </testcase>
      <testcase name="Test Cases/KM/TC_KM_WEB_03_US_ADMIN" time="24.226" classname="Test Cases/KM/TC_KM_WEB_03_US_ADMIN" status="PASSED">
         <system-out><![CDATA[2021-10-08 09:47:33 - [TEST_CASE][PASSED] - Test Cases/KM/TC_KM_WEB_03_US_ADMIN: Test Cases/KM/TC_KM_WEB_03_US_ADMIN

2021-10-08 09:47:34 - [TEST_STEP][PASSED] - openBrowser(""): Browser is opened with url: ''

2021-10-08 09:47:34 - [MESSAGE][INFO] - Starting 'Chrome' driver

2021-10-08 09:47:34 - [MESSAGE][INFO] - Action delay is set to 0 milliseconds

2021-10-08 09:47:36 - [MESSAGE][PASSED] - Browser is opened with url: ''

2021-10-08 09:47:36 - [TEST_STEP][PASSED] - maximizeWindow(STOP_ON_FAILURE): Current window maximized

2021-10-08 09:47:36 - [MESSAGE][PASSED] - Current window maximized

2021-10-08 09:47:36 - [TEST_STEP][PASSED] - navigateToUrl("http://km2-admin.myeyelevel.com:8090/"): Navigate to 'http://km2-admin.myeyelevel.com:8090/' successfully

2021-10-08 09:47:37 - [MESSAGE][PASSED] - Navigate to 'http://km2-admin.myeyelevel.com:8090/' successfully

2021-10-08 09:47:37 - [TEST_STEP][PASSED] - setText(findTestObject("Object Repository/KM/OR_KM_WEB_03_US_ADMIN/Page_KeyManager ver.2/input_Remember ID_id"), "ADMIN"): Text 'ADMIN' is set on object 'Object Repository/KM/OR_KM_WEB_03_US_ADMIN/Page_KeyManager ver.2/input_Remember ID_id'

2021-10-08 09:47:38 - [MESSAGE][PASSED] - Text 'ADMIN' is set on object 'Object Repository/KM/OR_KM_WEB_03_US_ADMIN/Page_KeyManager ver.2/input_Remember ID_id'

2021-10-08 09:47:38 - [TEST_STEP][PASSED] - setEncryptedText(findTestObject("Object Repository/KM/OR_KM_WEB_03_US_ADMIN/Page_KeyManager ver.2/input_Remember ID_password"), "mL+epSfaRG7bBFAcGJ9SYw=="): Text ****** has been set on object 'Object Repository/KM/OR_KM_WEB_03_US_ADMIN/Page_KeyManager ver.2/input_Remember ID_password'

2021-10-08 09:47:38 - [MESSAGE][PASSED] - Text ****** has been set on object 'Object Repository/KM/OR_KM_WEB_03_US_ADMIN/Page_KeyManager ver.2/input_Remember ID_password'

2021-10-08 09:47:38 - [TEST_STEP][PASSED] - sendKeys(findTestObject("Object Repository/KM/OR_KM_WEB_03_US_ADMIN/Page_KeyManager ver.2/input_Remember ID_password"), Keys.chord(ENTER)): Keys 'ENTER + ' sent to object: 'Object Repository/KM/OR_KM_WEB_03_US_ADMIN/Page_KeyManager ver.2/input_Remember ID_password'

2021-10-08 09:47:40 - [MESSAGE][PASSED] - Keys 'ENTER + ' sent to object: 'Object Repository/KM/OR_KM_WEB_03_US_ADMIN/Page_KeyManager ver.2/input_Remember ID_password'

2021-10-08 09:47:40 - [TEST_STEP][PASSED] - delay(2): Delayed 2 second(s)

2021-10-08 09:47:42 - [MESSAGE][PASSED] - Delayed 2 second(s)

2021-10-08 09:47:42 - [TEST_STEP][PASSED] - click(findTestObject("Object Repository/KM/OR_KM_WEB_03_US_ADMIN/Page_KeyManager ver.2/a_")): Object: 'Object Repository/KM/OR_KM_WEB_03_US_ADMIN/Page_KeyManager ver.2/a_' is clicked on

2021-10-08 09:47:43 - [MESSAGE][PASSED] - Object: 'Object Repository/KM/OR_KM_WEB_03_US_ADMIN/Page_KeyManager ver.2/a_' is clicked on

2021-10-08 09:47:43 - [TEST_STEP][PASSED] - delay(2): Delayed 2 second(s)

2021-10-08 09:47:45 - [MESSAGE][PASSED] - Delayed 2 second(s)

2021-10-08 09:47:45 - [TEST_STEP][PASSED] - click(findTestObject("Object Repository/KM/OR_KM_WEB_03_US_ADMIN/Page_KeyManager ver.2/a_()")): Object: 'Object Repository/KM/OR_KM_WEB_03_US_ADMIN/Page_KeyManager ver.2/a_()' is clicked on

2021-10-08 09:47:46 - [MESSAGE][PASSED] - Object: 'Object Repository/KM/OR_KM_WEB_03_US_ADMIN/Page_KeyManager ver.2/a_()' is clicked on

2021-10-08 09:47:46 - [TEST_STEP][PASSED] - delay(2): Delayed 2 second(s)

2021-10-08 09:47:48 - [MESSAGE][PASSED] - Delayed 2 second(s)

2021-10-08 09:47:48 - [TEST_STEP][PASSED] - click(findTestObject("Object Repository/KM/OR_KM_WEB_03_US_ADMIN/Page_KeyManager ver.2/a__1")): Object: 'Object Repository/KM/OR_KM_WEB_03_US_ADMIN/Page_KeyManager ver.2/a__1' is clicked on

2021-10-08 09:47:48 - [MESSAGE][PASSED] - Object: 'Object Repository/KM/OR_KM_WEB_03_US_ADMIN/Page_KeyManager ver.2/a__1' is clicked on

2021-10-08 09:47:48 - [TEST_STEP][PASSED] - delay(2): Delayed 2 second(s)

2021-10-08 09:47:50 - [MESSAGE][PASSED] - Delayed 2 second(s)

2021-10-08 09:47:50 - [TEST_STEP][PASSED] - click(findTestObject("Object Repository/KM/OR_KM_WEB_03_US_ADMIN/Page_KeyManager ver.2/a__1_2")): Object: 'Object Repository/KM/OR_KM_WEB_03_US_ADMIN/Page_KeyManager ver.2/a__1_2' is clicked on

2021-10-08 09:47:52 - [MESSAGE][PASSED] - Object: 'Object Repository/KM/OR_KM_WEB_03_US_ADMIN/Page_KeyManager ver.2/a__1_2' is clicked on

2021-10-08 09:47:52 - [TEST_STEP][PASSED] - delay(2): Delayed 2 second(s)

2021-10-08 09:47:54 - [MESSAGE][PASSED] - Delayed 2 second(s)

2021-10-08 09:47:54 - [TEST_STEP][PASSED] - click(findTestObject("Object Repository/KM/OR_KM_WEB_03_US_ADMIN/Page_KeyManager ver.2/a_Logout")): Object: 'Object Repository/KM/OR_KM_WEB_03_US_ADMIN/Page_KeyManager ver.2/a_Logout' is clicked on

2021-10-08 09:47:55 - [MESSAGE][PASSED] - Object: 'Object Repository/KM/OR_KM_WEB_03_US_ADMIN/Page_KeyManager ver.2/a_Logout' is clicked on

2021-10-08 09:47:55 - [TEST_STEP][PASSED] - delay(2): Delayed 2 second(s)

2021-10-08 09:47:57 - [MESSAGE][PASSED] - Delayed 2 second(s)

2021-10-08 09:47:57 - [TEST_STEP][PASSED] - closeBrowser(STOP_ON_FAILURE): Browser is closed

2021-10-08 09:47:58 - [MESSAGE][PASSED] - Browser is closed]]></system-out>
         <system-err><![CDATA[]]></system-err>
      </testcase>
      <testcase name="Test Cases/KM/TC_KM_WEB_04_CN_PRD" time="20.861" classname="Test Cases/KM/TC_KM_WEB_04_CN_PRD" status="PASSED">
         <system-out><![CDATA[2021-10-08 09:47:58 - [TEST_CASE][PASSED] - Test Cases/KM/TC_KM_WEB_04_CN_PRD: Test Cases/KM/TC_KM_WEB_04_CN_PRD

2021-10-08 09:47:58 - [TEST_STEP][PASSED] - openBrowser(""): Browser is opened with url: ''

2021-10-08 09:47:58 - [MESSAGE][INFO] - Starting 'Chrome' driver

2021-10-08 09:47:58 - [MESSAGE][INFO] - Action delay is set to 0 milliseconds

2021-10-08 09:48:00 - [MESSAGE][PASSED] - Browser is opened with url: ''

2021-10-08 09:48:00 - [TEST_STEP][PASSED] - maximizeWindow(): Current window maximized

2021-10-08 09:48:00 - [MESSAGE][PASSED] - Current window maximized

2021-10-08 09:48:00 - [TEST_STEP][PASSED] - navigateToUrl("http://cnkm.myeyelevel.com/"): Navigate to 'http://cnkm.myeyelevel.com/' successfully

2021-10-08 09:48:00 - [MESSAGE][PASSED] - Navigate to 'http://cnkm.myeyelevel.com/' successfully

2021-10-08 09:48:00 - [TEST_STEP][PASSED] - setText(findTestObject("Object Repository/KM/OR_KM_WEB_04_CN_PRD/Page_KeyManager ver.2/input__id"), "FC00001854"): Text 'FC00001854' is set on object 'Object Repository/KM/OR_KM_WEB_04_CN_PRD/Page_KeyManager ver.2/input__id'

2021-10-08 09:48:03 - [MESSAGE][PASSED] - Text 'FC00001854' is set on object 'Object Repository/KM/OR_KM_WEB_04_CN_PRD/Page_KeyManager ver.2/input__id'

2021-10-08 09:48:03 - [TEST_STEP][PASSED] - setEncryptedText(findTestObject("Object Repository/KM/OR_KM_WEB_04_CN_PRD/Page_KeyManager ver.2/input__password"), "/TCuZW3inmPEvew6k7Utpg=="): Text ****** has been set on object 'Object Repository/KM/OR_KM_WEB_04_CN_PRD/Page_KeyManager ver.2/input__password'

2021-10-08 09:48:03 - [MESSAGE][PASSED] - Text ****** has been set on object 'Object Repository/KM/OR_KM_WEB_04_CN_PRD/Page_KeyManager ver.2/input__password'

2021-10-08 09:48:03 - [TEST_STEP][PASSED] - sendKeys(findTestObject("Object Repository/KM/OR_KM_WEB_04_CN_PRD/Page_KeyManager ver.2/input__password"), Keys.chord(ENTER)): Keys 'ENTER + ' sent to object: 'Object Repository/KM/OR_KM_WEB_04_CN_PRD/Page_KeyManager ver.2/input__password'

2021-10-08 09:48:07 - [MESSAGE][PASSED] - Keys 'ENTER + ' sent to object: 'Object Repository/KM/OR_KM_WEB_04_CN_PRD/Page_KeyManager ver.2/input__password'

2021-10-08 09:48:07 - [TEST_STEP][PASSED] - delay(2): Delayed 2 second(s)

2021-10-08 09:48:09 - [MESSAGE][PASSED] - Delayed 2 second(s)

2021-10-08 09:48:09 - [TEST_STEP][PASSED] - click(findTestObject("Object Repository/KM/OR_KM_WEB_04_CN_PRD/Page_KeyManager ver.2/a_")): Object: 'Object Repository/KM/OR_KM_WEB_04_CN_PRD/Page_KeyManager ver.2/a_' is clicked on

2021-10-08 09:48:10 - [MESSAGE][PASSED] - Object: 'Object Repository/KM/OR_KM_WEB_04_CN_PRD/Page_KeyManager ver.2/a_' is clicked on

2021-10-08 09:48:10 - [TEST_STEP][PASSED] - delay(2): Delayed 2 second(s)

2021-10-08 09:48:12 - [MESSAGE][PASSED] - Delayed 2 second(s)

2021-10-08 09:48:12 - [TEST_STEP][PASSED] - click(findTestObject("Object Repository/KM/OR_KM_WEB_04_CN_PRD/Page_KeyManager ver.2/a__1")): Object: 'Object Repository/KM/OR_KM_WEB_04_CN_PRD/Page_KeyManager ver.2/a__1' is clicked on

2021-10-08 09:48:13 - [MESSAGE][PASSED] - Object: 'Object Repository/KM/OR_KM_WEB_04_CN_PRD/Page_KeyManager ver.2/a__1' is clicked on

2021-10-08 09:48:13 - [TEST_STEP][PASSED] - delay(2): Delayed 2 second(s)

2021-10-08 09:48:15 - [MESSAGE][PASSED] - Delayed 2 second(s)

2021-10-08 09:48:15 - [TEST_STEP][PASSED] - click(findTestObject("Object Repository/KM/OR_KM_WEB_04_CN_PRD/Page_KeyManager ver.2/a__1_2")): Object: 'Object Repository/KM/OR_KM_WEB_04_CN_PRD/Page_KeyManager ver.2/a__1_2' is clicked on

2021-10-08 09:48:16 - [MESSAGE][PASSED] - Object: 'Object Repository/KM/OR_KM_WEB_04_CN_PRD/Page_KeyManager ver.2/a__1_2' is clicked on

2021-10-08 09:48:16 - [TEST_STEP][PASSED] - delay(2): Delayed 2 second(s)

2021-10-08 09:48:18 - [MESSAGE][PASSED] - Delayed 2 second(s)

2021-10-08 09:48:18 - [TEST_STEP][PASSED] - closeBrowser(): Browser is closed

2021-10-08 09:48:19 - [MESSAGE][PASSED] - Browser is closed]]></system-out>
         <system-err><![CDATA[]]></system-err>
      </testcase>
      <testcase name="Test Cases/KM/TC_KM_WEB_05_CN_KEYPAD" time="11.154" classname="Test Cases/KM/TC_KM_WEB_05_CN_KEYPAD" status="PASSED">
         <system-out><![CDATA[2021-10-08 09:48:19 - [TEST_CASE][PASSED] - Test Cases/KM/TC_KM_WEB_05_CN_KEYPAD: Test Cases/KM/TC_KM_WEB_05_CN_KEYPAD

2021-10-08 09:48:19 - [TEST_STEP][PASSED] - openBrowser(""): Browser is opened with url: ''

2021-10-08 09:48:19 - [MESSAGE][INFO] - Starting 'Chrome' driver

2021-10-08 09:48:19 - [MESSAGE][INFO] - Action delay is set to 0 milliseconds

2021-10-08 09:48:21 - [MESSAGE][PASSED] - Browser is opened with url: ''

2021-10-08 09:48:21 - [TEST_STEP][PASSED] - maximizeWindow(STOP_ON_FAILURE): Current window maximized

2021-10-08 09:48:21 - [MESSAGE][PASSED] - Current window maximized

2021-10-08 09:48:21 - [TEST_STEP][PASSED] - navigateToUrl("http://cnkm-att.myeyelevel.com/"): Navigate to 'http://cnkm-att.myeyelevel.com/' successfully

2021-10-08 09:48:21 - [MESSAGE][PASSED] - Navigate to 'http://cnkm-att.myeyelevel.com/' successfully

2021-10-08 09:48:21 - [TEST_STEP][PASSED] - setText(findTestObject("Object Repository/KM/OR_KM_WEB_05_CN_KEYPAD/Page_KeyManager ver.2/input__id"), "FC00001854"): Text 'FC00001854' is set on object 'Object Repository/KM/OR_KM_WEB_05_CN_KEYPAD/Page_KeyManager ver.2/input__id'

2021-10-08 09:48:23 - [MESSAGE][PASSED] - Text 'FC00001854' is set on object 'Object Repository/KM/OR_KM_WEB_05_CN_KEYPAD/Page_KeyManager ver.2/input__id'

2021-10-08 09:48:23 - [TEST_STEP][PASSED] - setEncryptedText(findTestObject("Object Repository/KM/OR_KM_WEB_05_CN_KEYPAD/Page_KeyManager ver.2/input__password"), "/TCuZW3inmPEvew6k7Utpg=="): Text ****** has been set on object 'Object Repository/KM/OR_KM_WEB_05_CN_KEYPAD/Page_KeyManager ver.2/input__password'

2021-10-08 09:48:24 - [MESSAGE][PASSED] - Text ****** has been set on object 'Object Repository/KM/OR_KM_WEB_05_CN_KEYPAD/Page_KeyManager ver.2/input__password'

2021-10-08 09:48:24 - [TEST_STEP][PASSED] - sendKeys(findTestObject("Object Repository/KM/OR_KM_WEB_05_CN_KEYPAD/Page_KeyManager ver.2/input__password"), Keys.chord(ENTER)): Keys 'ENTER + ' sent to object: 'Object Repository/KM/OR_KM_WEB_05_CN_KEYPAD/Page_KeyManager ver.2/input__password'

2021-10-08 09:48:25 - [MESSAGE][PASSED] - Keys 'ENTER + ' sent to object: 'Object Repository/KM/OR_KM_WEB_05_CN_KEYPAD/Page_KeyManager ver.2/input__password'

2021-10-08 09:48:25 - [TEST_STEP][PASSED] - delay(2): Delayed 2 second(s)

2021-10-08 09:48:27 - [MESSAGE][PASSED] - Delayed 2 second(s)

2021-10-08 09:48:27 - [TEST_STEP][PASSED] - navigateToUrl("http://cnkm-att.myeyelevel.com/actionLogout.do"): Navigate to 'http://cnkm-att.myeyelevel.com/actionLogout.do' successfully

2021-10-08 09:48:27 - [MESSAGE][PASSED] - Navigate to 'http://cnkm-att.myeyelevel.com/actionLogout.do' successfully

2021-10-08 09:48:27 - [TEST_STEP][PASSED] - delay(2): Delayed 2 second(s)

2021-10-08 09:48:29 - [MESSAGE][PASSED] - Delayed 2 second(s)

2021-10-08 09:48:29 - [TEST_STEP][PASSED] - closeBrowser(): Browser is closed

2021-10-08 09:48:30 - [MESSAGE][PASSED] - Browser is closed]]></system-out>
         <system-err><![CDATA[]]></system-err>
      </testcase>
      <testcase name="Test Cases/KM/TC_KM_WEB_06_CN_ADMIN" time="22.129" classname="Test Cases/KM/TC_KM_WEB_06_CN_ADMIN" status="PASSED">
         <system-out><![CDATA[2021-10-08 09:48:30 - [TEST_CASE][PASSED] - Test Cases/KM/TC_KM_WEB_06_CN_ADMIN: Test Cases/KM/TC_KM_WEB_06_CN_ADMIN

2021-10-08 09:48:30 - [TEST_STEP][PASSED] - openBrowser(""): Browser is opened with url: ''

2021-10-08 09:48:30 - [MESSAGE][INFO] - Starting 'Chrome' driver

2021-10-08 09:48:30 - [MESSAGE][INFO] - Action delay is set to 0 milliseconds

2021-10-08 09:48:32 - [MESSAGE][PASSED] - Browser is opened with url: ''

2021-10-08 09:48:32 - [TEST_STEP][PASSED] - maximizeWindow(STOP_ON_FAILURE): Current window maximized

2021-10-08 09:48:32 - [MESSAGE][PASSED] - Current window maximized

2021-10-08 09:48:32 - [TEST_STEP][PASSED] - navigateToUrl("http://cnkm-admin.myeyelevel.com:8090/"): Navigate to 'http://cnkm-admin.myeyelevel.com:8090/' successfully

2021-10-08 09:48:32 - [MESSAGE][PASSED] - Navigate to 'http://cnkm-admin.myeyelevel.com:8090/' successfully

2021-10-08 09:48:32 - [TEST_STEP][PASSED] - setText(findTestObject("Object Repository/KM/OR_KM_WEB_06_CN_ADMIN/Page_KeyManager ver.2/input_Remember ID_id"), "ADMIN"): Text 'ADMIN' is set on object 'Object Repository/KM/OR_KM_WEB_06_CN_ADMIN/Page_KeyManager ver.2/input_Remember ID_id'

2021-10-08 09:48:34 - [MESSAGE][PASSED] - Text 'ADMIN' is set on object 'Object Repository/KM/OR_KM_WEB_06_CN_ADMIN/Page_KeyManager ver.2/input_Remember ID_id'

2021-10-08 09:48:34 - [TEST_STEP][PASSED] - setEncryptedText(findTestObject("Object Repository/KM/OR_KM_WEB_06_CN_ADMIN/Page_KeyManager ver.2/input_Remember ID_password"), "mL+epSfaRG7bBFAcGJ9SYw=="): Text ****** has been set on object 'Object Repository/KM/OR_KM_WEB_06_CN_ADMIN/Page_KeyManager ver.2/input_Remember ID_password'

2021-10-08 09:48:35 - [MESSAGE][PASSED] - Text ****** has been set on object 'Object Repository/KM/OR_KM_WEB_06_CN_ADMIN/Page_KeyManager ver.2/input_Remember ID_password'

2021-10-08 09:48:35 - [TEST_STEP][PASSED] - sendKeys(findTestObject("Object Repository/KM/OR_KM_WEB_06_CN_ADMIN/Page_KeyManager ver.2/input_Remember ID_password"), Keys.chord(ENTER)): Keys 'ENTER + ' sent to object: 'Object Repository/KM/OR_KM_WEB_06_CN_ADMIN/Page_KeyManager ver.2/input_Remember ID_password'

2021-10-08 09:48:36 - [MESSAGE][PASSED] - Keys 'ENTER + ' sent to object: 'Object Repository/KM/OR_KM_WEB_06_CN_ADMIN/Page_KeyManager ver.2/input_Remember ID_password'

2021-10-08 09:48:36 - [TEST_STEP][PASSED] - delay(2): Delayed 2 second(s)

2021-10-08 09:48:38 - [MESSAGE][PASSED] - Delayed 2 second(s)

2021-10-08 09:48:38 - [TEST_STEP][PASSED] - click(findTestObject("Object Repository/KM/OR_KM_WEB_06_CN_ADMIN/Page_KeyManager ver.2/a_")): Object: 'Object Repository/KM/OR_KM_WEB_06_CN_ADMIN/Page_KeyManager ver.2/a_' is clicked on

2021-10-08 09:48:38 - [MESSAGE][PASSED] - Object: 'Object Repository/KM/OR_KM_WEB_06_CN_ADMIN/Page_KeyManager ver.2/a_' is clicked on

2021-10-08 09:48:38 - [TEST_STEP][PASSED] - delay(2): Delayed 2 second(s)

2021-10-08 09:48:40 - [MESSAGE][PASSED] - Delayed 2 second(s)

2021-10-08 09:48:40 - [TEST_STEP][PASSED] - click(findTestObject("Object Repository/KM/OR_KM_WEB_06_CN_ADMIN/Page_KeyManager ver.2/a_()")): Object: 'Object Repository/KM/OR_KM_WEB_06_CN_ADMIN/Page_KeyManager ver.2/a_()' is clicked on

2021-10-08 09:48:41 - [MESSAGE][PASSED] - Object: 'Object Repository/KM/OR_KM_WEB_06_CN_ADMIN/Page_KeyManager ver.2/a_()' is clicked on

2021-10-08 09:48:41 - [TEST_STEP][PASSED] - delay(2): Delayed 2 second(s)

2021-10-08 09:48:43 - [MESSAGE][PASSED] - Delayed 2 second(s)

2021-10-08 09:48:43 - [TEST_STEP][PASSED] - click(findTestObject("Object Repository/KM/OR_KM_WEB_06_CN_ADMIN/Page_KeyManager ver.2/a__1")): Object: 'Object Repository/KM/OR_KM_WEB_06_CN_ADMIN/Page_KeyManager ver.2/a__1' is clicked on

2021-10-08 09:48:44 - [MESSAGE][PASSED] - Object: 'Object Repository/KM/OR_KM_WEB_06_CN_ADMIN/Page_KeyManager ver.2/a__1' is clicked on

2021-10-08 09:48:44 - [TEST_STEP][PASSED] - delay(2): Delayed 2 second(s)

2021-10-08 09:48:46 - [MESSAGE][PASSED] - Delayed 2 second(s)

2021-10-08 09:48:46 - [TEST_STEP][PASSED] - click(findTestObject("Object Repository/KM/OR_KM_WEB_06_CN_ADMIN/Page_KeyManager ver.2/a__1_2")): Object: 'Object Repository/KM/OR_KM_WEB_06_CN_ADMIN/Page_KeyManager ver.2/a__1_2' is clicked on

2021-10-08 09:48:46 - [MESSAGE][PASSED] - Object: 'Object Repository/KM/OR_KM_WEB_06_CN_ADMIN/Page_KeyManager ver.2/a__1_2' is clicked on

2021-10-08 09:48:46 - [TEST_STEP][PASSED] - delay(2): Delayed 2 second(s)

2021-10-08 09:48:48 - [MESSAGE][PASSED] - Delayed 2 second(s)

2021-10-08 09:48:48 - [TEST_STEP][PASSED] - click(findTestObject("Object Repository/KM/OR_KM_WEB_06_CN_ADMIN/Page_KeyManager ver.2/a_Logout")): Object: 'Object Repository/KM/OR_KM_WEB_06_CN_ADMIN/Page_KeyManager ver.2/a_Logout' is clicked on

2021-10-08 09:48:49 - [MESSAGE][PASSED] - Object: 'Object Repository/KM/OR_KM_WEB_06_CN_ADMIN/Page_KeyManager ver.2/a_Logout' is clicked on

2021-10-08 09:48:49 - [TEST_STEP][PASSED] - delay(2): Delayed 2 second(s)

2021-10-08 09:48:51 - [MESSAGE][PASSED] - Delayed 2 second(s)

2021-10-08 09:48:51 - [TEST_STEP][PASSED] - closeBrowser(): Browser is closed

2021-10-08 09:48:52 - [MESSAGE][PASSED] - Browser is closed]]></system-out>
         <system-err><![CDATA[]]></system-err>
      </testcase>
      <testcase name="Test Cases/KM/TC_KM_API_01_US_KNOWRE" time="3.136" classname="Test Cases/KM/TC_KM_API_01_US_KNOWRE" status="PASSED">
         <system-out><![CDATA[2021-10-08 09:48:52 - [TEST_CASE][PASSED] - Test Cases/KM/TC_KM_API_01_US_KNOWRE: Test Cases/KM/TC_KM_API_01_US_KNOWRE

2021-10-08 09:48:53 - [TEST_STEP][PASSED] - sendRequest(findTestObject("KM/OR_KM_API_01_US_KNOWRE/accessToken_api_knowre")): Send request successfully

2021-10-08 09:48:55 - [MESSAGE][INFO] - HAR: C:\Users\LYJ\git\katalon\Reports\20211008_094608\KM\TS_KM\20211008_094608\requests\main\0.har

2021-10-08 09:48:55 - [MESSAGE][PASSED] - Send request successfully]]></system-out>
         <system-err><![CDATA[]]></system-err>
      </testcase>
      <system-out><![CDATA[2021-10-08 09:46:22 - [TEST_SUITE][PASSED] - TS_KM: Test Cases/KM/TC_KM_API_01_US_KNOWRE]]></system-out>
      <system-err><![CDATA[]]></system-err>
   </testsuite>
</testsuites>
